[07-May-2015 15:14:33 UTC] PHP Parse error:  syntax error, unexpected 'die' (T_EXIT) in /home/ubuntu/workspace/wp-content/themes/zopp/library/zopp.php on line 96
[07-May-2015 17:03:42 UTC] PHP Parse error:  syntax error, unexpected '}' in /home/ubuntu/workspace/wp-content/themes/zopp/library/zopp.php on line 110
[07-May-2015 17:04:43 UTC] PHP Parse error:  syntax error, unexpected '}' in /home/ubuntu/workspace/wp-content/themes/zopp/library/zopp.php on line 114
[07-May-2015 17:04:45 UTC] PHP Parse error:  syntax error, unexpected '}' in /home/ubuntu/workspace/wp-content/themes/zopp/library/zopp.php on line 114
[07-May-2015 17:04:55 UTC] PHP Parse error:  syntax error, unexpected '}' in /home/ubuntu/workspace/wp-content/themes/zopp/library/zopp.php on line 114
[07-May-2015 17:04:57 UTC] PHP Parse error:  syntax error, unexpected '}' in /home/ubuntu/workspace/wp-content/themes/zopp/library/zopp.php on line 114
[07-May-2015 17:04:59 UTC] PHP Parse error:  syntax error, unexpected '}' in /home/ubuntu/workspace/wp-content/themes/zopp/library/zopp.php on line 114
[07-May-2015 17:05:01 UTC] PHP Parse error:  syntax error, unexpected '}' in /home/ubuntu/workspace/wp-content/themes/zopp/library/zopp.php on line 114
[07-May-2015 17:05:02 UTC] PHP Parse error:  syntax error, unexpected '}' in /home/ubuntu/workspace/wp-content/themes/zopp/library/zopp.php on line 114
[07-May-2015 17:05:03 UTC] PHP Parse error:  syntax error, unexpected '}' in /home/ubuntu/workspace/wp-content/themes/zopp/library/zopp.php on line 114
[07-May-2015 17:05:05 UTC] PHP Parse error:  syntax error, unexpected '}' in /home/ubuntu/workspace/wp-content/themes/zopp/library/zopp.php on line 114
[07-May-2015 17:05:07 UTC] PHP Parse error:  syntax error, unexpected '}' in /home/ubuntu/workspace/wp-content/themes/zopp/library/zopp.php on line 114
[07-May-2015 17:05:10 UTC] PHP Parse error:  syntax error, unexpected '}' in /home/ubuntu/workspace/wp-content/themes/zopp/library/zopp.php on line 114
[07-May-2015 17:10:10 UTC] PHP Catchable fatal error:  Object of class stdClass could not be converted to string in /home/ubuntu/workspace/wp-content/themes/zopp/library/zopp.php on line 119
[07-May-2015 17:17:15 UTC] PHP Parse error:  syntax error, unexpected ')' in /home/ubuntu/workspace/wp-content/themes/zopp/library/zopp.php on line 122
[07-May-2015 19:21:34 UTC] PHP Parse error:  syntax error, unexpected '=>' (T_DOUBLE_ARROW) in /home/ubuntu/workspace/wp-content/themes/zopp/library/zopp.php on line 163
[07-May-2015 22:50:51 UTC] PHP Parse error:  syntax error, unexpected ')' in /home/ubuntu/workspace/wp-content/themes/zopp/library/zopp.php on line 175
[08-May-2015 04:38:38 UTC] PHP Fatal error:  Cannot redeclare logo() (previously declared in /home/ubuntu/workspace/wp-content/themes/zopp/library/zopp.php:21) in /home/ubuntu/workspace/wp-content/themes/zopp/library/zopp.php on line 204
[08-May-2015 04:40:38 UTC] PHP Fatal error:  Cannot redeclare logo() (previously declared in /home/ubuntu/workspace/wp-content/themes/zopp/library/zopp.php:21) in /home/ubuntu/workspace/wp-content/themes/zopp/library/zopp.php on line 204
[19-May-2015 14:20:05 UTC] PHP Parse error:  syntax error, unexpected '}', expecting ',' or ';' in /home/ubuntu/workspace/wp-content/themes/zopp/library/zopp.php on line 246
[19-May-2015 14:26:05 UTC] PHP Parse error:  syntax error, unexpected 'array' (T_ARRAY) in /home/ubuntu/workspace/wp-content/themes/zopp/library/zopp.php on line 242
[19-May-2015 14:28:05 UTC] PHP Parse error:  syntax error, unexpected ')' in /home/ubuntu/workspace/wp-content/themes/zopp/library/zopp.php on line 243
[19-May-2015 17:33:40 UTC] PHP Fatal error:  Unsupported operand types in /home/ubuntu/workspace/wp-content/themes/zopp/library/zopp.php on line 203
[04-Jun-2015 23:04:28 UTC] PHP Parse error:  syntax error, unexpected 'die' (T_EXIT) in /home/ubuntu/workspace/wp-content/themes/zopp/library/zopp.php on line 229
